# JRE version: Java(TM) SE Runtime Environment (8.0_91-b14) (build 1.8.0_91-b14)
# Java VM: Java HotSpot(TM) 64-Bit Server VM (25.91-b14 mixed mode linux-amd64 compressed oops)
Heap:
 PSYoungGen      total 35840K, used 6948K [0x00000000d8200000, 0x00000000daa00000, 0x0000000100000000)
  eden space 30720K, 5% used [0x00000000d8200000,0x00000000d83c93c8,0x00000000da000000)
  from space 5120K, 100% used [0x00000000da500000,0x00000000daa00000,0x00000000daa00000)
  to   space 5120K, 0% used [0x00000000da000000,0x00000000da000000,0x00000000da500000)
 ParOldGen       total 81920K, used 12410K [0x0000000088600000, 0x000000008d600000, 0x00000000d8200000)
  object space 81920K, 15% used [0x0000000088600000,0x000000008921e858,0x000000008d600000)
 Metaspace       used 19028K, capacity 19990K, committed 20096K, reserved 1067008K
  class space    used 2710K, capacity 2930K, committed 2944K, reserved 1048576K
GC Heap History (4 events):
Event: 0,845 GC heap before
{Heap before GC invocations=1 (full 0):
 PSYoungGen      total 35840K, used 30720K [0x00000000d8200000, 0x00000000daa00000, 0x0000000100000000)
  eden space 30720K, 100% used [0x00000000d8200000,0x00000000da000000,0x00000000da000000)
  from space 5120K, 0% used [0x00000000da500000,0x00000000da500000,0x00000000daa00000)
  to   space 5120K, 0% used [0x00000000da000000,0x00000000da000000,0x00000000da500000)
 ParOldGen       total 81920K, used 0K [0x0000000088600000, 0x000000008d600000, 0x00000000d8200000)
  object space 81920K, 0% used [0x0000000088600000,0x0000000088600000,0x000000008d600000)
 Metaspace       used 13815K, capacity 14432K, committed 14464K, reserved 1060864K
  class space    used 1998K, capacity 2170K, committed 2176K, reserved 1048576K
Event: 0,852 GC heap after
Heap after GC invocations=1 (full 0):
 PSYoungGen      total 35840K, used 4080K [0x00000000d8200000, 0x00000000daa00000, 0x0000000100000000)
  eden space 30720K, 0% used [0x00000000d8200000,0x00000000d8200000,0x00000000da000000)
  from space 5120K, 79% used [0x00000000da000000,0x00000000da3fc2d8,0x00000000da500000)
  to   space 5120K, 0% used [0x00000000da500000,0x00000000da500000,0x00000000daa00000)
 ParOldGen       total 81920K, used 4168K [0x0000000088600000, 0x000000008d600000, 0x00000000d8200000)
  object space 81920K, 5% used [0x0000000088600000,0x0000000088a12020,0x000000008d600000)
 Metaspace       used 13815K, capacity 14432K, committed 14464K, reserved 1060864K
  class space    used 1998K, capacity 2170K, committed 2176K, reserved 1048576K
}
Event: 4,203 GC heap before
{Heap before GC invocations=2 (full 0):
 PSYoungGen      total 35840K, used 34800K [0x00000000d8200000, 0x00000000daa00000, 0x0000000100000000)
  eden space 30720K, 100% used [0x00000000d8200000,0x00000000da000000,0x00000000da000000)
  from space 5120K, 79% used [0x00000000da000000,0x00000000da3fc2d8,0x00000000da500000)
  to   space 5120K, 0% used [0x00000000da500000,0x00000000da500000,0x00000000daa00000)
 ParOldGen       total 81920K, used 4168K [0x0000000088600000, 0x000000008d600000, 0x00000000d8200000)
  object space 81920K, 5% used [0x0000000088600000,0x0000000088a12020,0x000000008d600000)
 Metaspace       used 18564K, capacity 19456K, committed 19584K, reserved 1067008K
  class space    used 2640K, capacity 2851K, committed 2944K, reserved 1048576K
Event: 4,233 GC heap after
Heap after GC invocations=2 (full 0):
 PSYoungGen      total 35840K, used 5120K [0x00000000d8200000, 0x00000000daa00000, 0x0000000100000000)
  eden space 30720K, 0% used [0x00000000d8200000,0x00000000d8200000,0x00000000da000000)
  from space 5120K, 100% used [0x00000000da500000,0x00000000daa00000,0x00000000daa00000)
  to   space 5120K, 0% used [0x00000000da000000,0x00000000da000000,0x00000000da500000)
 ParOldGen       total 81920K, used 12410K [0x0000000088600000, 0x000000008d600000, 0x00000000d8200000)
  object space 81920K, 15% used [0x0000000088600000,0x000000008921e858,0x000000008d600000)
 Metaspace       used 18564K, capacity 19456K, committed 19584K, reserved 1067008K
  class space    used 2640K, capacity 2851K, committed 2944K, reserved 1048576K
}

