# JRE version: Java(TM) SE Runtime Environment (8.0_91-b14) (build 1.8.0_91-b14)
# Java VM: Java HotSpot(TM) 64-Bit Server VM (25.91-b14 mixed mode linux-amd64 compressed oops)
Heap:
 PSYoungGen      total 35840K, used 9740K [0x00000000d8200000, 0x00000000daa00000, 0x0000000100000000)
  eden space 30720K, 15% used [0x00000000d8200000,0x00000000d868b248,0x00000000da000000)
  from space 5120K, 99% used [0x00000000da500000,0x00000000da9f8038,0x00000000daa00000)
  to   space 5120K, 0% used [0x00000000da000000,0x00000000da000000,0x00000000da500000)
 ParOldGen       total 81920K, used 12217K [0x0000000088600000, 0x000000008d600000, 0x00000000d8200000)
  object space 81920K, 14% used [0x0000000088600000,0x00000000891ee4a8,0x000000008d600000)
 Metaspace       used 19173K, capacity 20122K, committed 20352K, reserved 1067008K
  class space    used 2716K, capacity 2930K, committed 2944K, reserved 1048576K
GC Heap History (4 events):
Event: 1,425 GC heap before
{Heap before GC invocations=1 (full 0):
 PSYoungGen      total 35840K, used 30720K [0x00000000d8200000, 0x00000000daa00000, 0x0000000100000000)
  eden space 30720K, 100% used [0x00000000d8200000,0x00000000da000000,0x00000000da000000)
  from space 5120K, 0% used [0x00000000da500000,0x00000000da500000,0x00000000daa00000)
  to   space 5120K, 0% used [0x00000000da000000,0x00000000da000000,0x00000000da500000)
 ParOldGen       total 81920K, used 0K [0x0000000088600000, 0x000000008d600000, 0x00000000d8200000)
  object space 81920K, 0% used [0x0000000088600000,0x0000000088600000,0x000000008d600000)
 Metaspace       used 13733K, capacity 14336K, committed 14464K, reserved 1060864K
  class space    used 1953K, capacity 2126K, committed 2176K, reserved 1048576K
Event: 1,435 GC heap after
Heap after GC invocations=1 (full 0):
 PSYoungGen      total 35840K, used 5088K [0x00000000d8200000, 0x00000000daa00000, 0x0000000100000000)
  eden space 30720K, 0% used [0x00000000d8200000,0x00000000d8200000,0x00000000da000000)
  from space 5120K, 99% used [0x00000000da000000,0x00000000da4f8020,0x00000000da500000)
  to   space 5120K, 0% used [0x00000000da500000,0x00000000da500000,0x00000000daa00000)
 ParOldGen       total 81920K, used 3078K [0x0000000088600000, 0x000000008d600000, 0x00000000d8200000)
  object space 81920K, 3% used [0x0000000088600000,0x0000000088901b58,0x000000008d600000)
 Metaspace       used 13733K, capacity 14336K, committed 14464K, reserved 1060864K
  class space    used 1953K, capacity 2126K, committed 2176K, reserved 1048576K
}
Event: 5,905 GC heap before
{Heap before GC invocations=2 (full 0):
 PSYoungGen      total 35840K, used 35808K [0x00000000d8200000, 0x00000000daa00000, 0x0000000100000000)
  eden space 30720K, 100% used [0x00000000d8200000,0x00000000da000000,0x00000000da000000)
  from space 5120K, 99% used [0x00000000da000000,0x00000000da4f8020,0x00000000da500000)
  to   space 5120K, 0% used [0x00000000da500000,0x00000000da500000,0x00000000daa00000)
 ParOldGen       total 81920K, used 3078K [0x0000000088600000, 0x000000008d600000, 0x00000000d8200000)
  object space 81920K, 3% used [0x0000000088600000,0x0000000088901b58,0x000000008d600000)
 Metaspace       used 17682K, capacity 18492K, committed 18560K, reserved 1064960K
  class space    used 2462K, capacity 2660K, committed 2688K, reserved 1048576K
Event: 5,921 GC heap after
Heap after GC invocations=2 (full 0):
 PSYoungGen      total 35840K, used 5088K [0x00000000d8200000, 0x00000000daa00000, 0x0000000100000000)
  eden space 30720K, 0% used [0x00000000d8200000,0x00000000d8200000,0x00000000da000000)
  from space 5120K, 99% used [0x00000000da500000,0x00000000da9f8038,0x00000000daa00000)
  to   space 5120K, 0% used [0x00000000da000000,0x00000000da000000,0x00000000da500000)
 ParOldGen       total 81920K, used 12217K [0x0000000088600000, 0x000000008d600000, 0x00000000d8200000)
  object space 81920K, 14% used [0x0000000088600000,0x00000000891ee4a8,0x000000008d600000)
 Metaspace       used 17682K, capacity 18492K, committed 18560K, reserved 1064960K
  class space    used 2462K, capacity 2660K, committed 2688K, reserved 1048576K
}

